{
  "0 debug pnpm:scope": {
    "selected": 1
  },
  "1 error pnpm": {
    "code": "ELIFECYCLE",
    "errno": "ENOENT",
    "syscall": "spawn",
    "file": "sh",
    "pkgid": "blockchain@",
    "stage": "build",
    "script": "hardhat build",
    "pkgname": "blockchain",
    "err": {
      "name": "pnpm",
      "message": "blockchain@ build: `hardhat build`\nspawn ENOENT",
      "code": "ELIFECYCLE",
      "stack": "pnpm: blockchain@ build: `hardhat build`\nspawn ENOENT\n    at ChildProcess.<anonymous> (/opt/homebrew/Cellar/pnpm/6.32.3/libexec/lib/node_modules/pnpm/dist/pnpm.cjs:92278:22)\n    at ChildProcess.emit (node:events:520:28)\n    at maybeClose (node:internal/child_process:1092:16)\n    at Process.ChildProcess._handle.onexit (node:internal/child_process:302:5)"
    }
  },
  "2 warn pnpm:global": " Local package.json exists, but node_modules missing, did you mean to install?"
}