{
  "0 debug pnpm:scope": {
    "selected": 1,
    "workspacePrefix": "/Users/gui/Documents/GitHub/supabase"
  },
  "1 error pnpm": {
    "errno": 1,
    "code": "ELIFECYCLE",
    "pkgid": "@wen/api@0.0.1",
    "stage": "dev",
    "script": "supabase start && supabase functions serve api ",
    "pkgname": "@wen/api",
    "err": {
      "name": "pnpm",
      "message": "@wen/api@0.0.1 dev: `supabase start && supabase functions serve api `\nExit status 1",
      "code": "ELIFECYCLE",
      "stack": "pnpm: @wen/api@0.0.1 dev: `supabase start && supabase functions serve api `\nExit status 1\n    at EventEmitter.<anonymous> (/opt/homebrew/Cellar/pnpm/6.32.3/libexec/lib/node_modules/pnpm/dist/pnpm.cjs:105724:20)\n    at EventEmitter.emit (node:events:520:28)\n    at ChildProcess.<anonymous> (/opt/homebrew/Cellar/pnpm/6.32.3/libexec/lib/node_modules/pnpm/dist/pnpm.cjs:92285:18)\n    at ChildProcess.emit (node:events:520:28)\n    at maybeClose (node:internal/child_process:1092:16)\n    at Process.ChildProcess._handle.onexit (node:internal/child_process:302:5)"
    }
  },
  "2 warn pnpm:global": " Local package.json exists, but node_modules missing, did you mean to install?"
}